<?xml version="1.0" encoding="UTF-8" ?>
<testsuite failures="0" time="8.822" errors="0" skipped="0" tests="9" name="slacknotifications.teamcity.settings.SlackNotificationSettingsTest">
  <properties>
    <property name="java.runtime.name" value="Java(TM) SE Runtime Environment"/>
    <property name="sun.boot.library.path" value="C:\Program Files (x86)\Java\jdk1.6.0_39\jre\bin"/>
    <property name="java.vm.version" value="20.14-b01"/>
    <property name="java.vm.vendor" value="Sun Microsystems Inc."/>
    <property name="java.vendor.url" value="http://java.sun.com/"/>
    <property name="path.separator" value=";"/>
    <property name="guice.disable.misplaced.annotation.check" value="true"/>
    <property name="java.vm.name" value="Java HotSpot(TM) Client VM"/>
    <property name="file.encoding.pkg" value="sun.io"/>
    <property name="user.country" value="NZ"/>
    <property name="sun.java.launcher" value="SUN_STANDARD"/>
    <property name="sun.os.patch.level" value=""/>
    <property name="java.vm.specification.name" value="Java Virtual Machine Specification"/>
    <property name="user.dir" value="E:\Code\tcSlackBuildNotifier"/>
    <property name="java.runtime.version" value="1.6.0_39-b04"/>
    <property name="java.awt.graphicsenv" value="sun.awt.Win32GraphicsEnvironment"/>
    <property name="java.endorsed.dirs" value="C:\Program Files (x86)\Java\jdk1.6.0_39\jre\lib\endorsed"/>
    <property name="os.arch" value="x86"/>
    <property name="java.io.tmpdir" value="C:\Users\Peter\AppData\Local\Temp\"/>
    <property name="line.separator" value="
"/>
    <property name="java.vm.specification.vendor" value="Sun Microsystems Inc."/>
    <property name="user.variant" value=""/>
    <property name="os.name" value="Windows 8"/>
    <property name="classworlds.conf" value="E:\Code\Tools\apache-maven-3.2.1-bin\bin\..\bin\m2.conf"/>
    <property name="sun.jnu.encoding" value="Cp1252"/>
    <property name="java.library.path" value="C:\Program Files (x86)\Java\jdk1.6.0_39\bin;C:\WINDOWS\Sun\Java\bin;C:\WINDOWS\system32;C:\WINDOWS;C:\Program Files (x86)\Microsoft Visual Studio 12.0\Common7\IDE\CommonExtensions\Microsoft\TestWindow;C:\Program Files (x86)\Microsoft SDKs\F#\3.1\Framework\v4.0\;C:\Program Files (x86)\MSBuild\12.0\bin;C:\Program Files (x86)\Microsoft Visual Studio 12.0\Common7\IDE\;C:\Program Files (x86)\Microsoft Visual Studio 12.0\VC\BIN;C:\Program Files (x86)\Microsoft Visual Studio 12.0\Common7\Tools;C:\WINDOWS\Microsoft.NET\Framework\v4.0.30319;C:\Program Files (x86)\Microsoft Visual Studio 12.0\VC\VCPackages;C:\Program Files (x86)\HTML Help Workshop;C:\Program Files (x86)\Microsoft Visual Studio 12.0\Team Tools\Performance Tools;C:\Program Files (x86)\Windows Kits\8.1\bin\x86;C:\Program Files (x86)\Microsoft SDKs\Windows\v8.1A\bin\NETFX 4.5.1 Tools\;C:\Program Files\ConEmu\ConEmu;C:\Program Files\ConEmu;C:\Python27\;C:\WINDOWS\system32;C:\WINDOWS;C:\WINDOWS\System32\Wbem;C:\WINDOWS\System32\WindowsPowerShell\v1.0\;C:\Program Files (x86)\Microsoft SQL Server\110\Tools\Binn\;C:\Program Files\Microsoft SQL Server\110\Tools\Binn\;C:\Program Files\Microsoft SQL Server\110\DTS\Binn\;C:\Program Files (x86)\Microsoft SQL Server\110\Tools\Binn\ManagementStudio\;C:\Program Files (x86)\Microsoft SQL Server\110\DTS\Binn\;C:\Program Files (x86)\Microsoft ASP.NET\ASP.NET Web Pages\v1.0\;C:\Program Files (x86)\Windows Live\Shared;C:\Program Files\TortoiseHg\;C:\Program Files (x86)\GtkSharp\2.12\bin;C:\Program Files (x86)\Windows Kits\8.1\Windows Performance Toolkit\;C:\Program Files\Microsoft\Web Platform Installer\;C:\Program Files (x86)\Heroku\bin;C:\Program Files (x86)\git\cmd;C:\Program Files (x86)\QuickTime\QTSystem\;C:\Program Files (x86)\Microsoft SDKs\Windows Azure\CLI\wbin;C:\Program Files\nodejs\;C:\Program Files\SourceGear\Common\DiffMerge\;C:\Program Files\Microsoft SQL Server\120\Tools\Binn\;C:\Program Files (x86)\Microsoft SDKs\TypeScript\1.0\;C:\Ruby200-x64\bin;C:\Chocolatey\bin;C:\Users\Peter\AppData\Roaming\scriptcs;C:\Program Files (x86)\Git\bin;C:\Users\Peter\AppData\Roaming\npm;E:\code\tools\apache-maven-3.2.1-bin;E:\code\tools\apache-maven-3.2.1-bin\bin;."/>
    <property name="java.specification.name" value="Java Platform API Specification"/>
    <property name="java.class.version" value="50.0"/>
    <property name="sun.management.compiler" value="HotSpot Client Compiler"/>
    <property name="os.version" value="6.2"/>
    <property name="user.home" value="C:\Users\Peter"/>
    <property name="user.timezone" value="Pacific/Auckland"/>
    <property name="java.awt.printerjob" value="sun.awt.windows.WPrinterJob"/>
    <property name="file.encoding" value="Cp1252"/>
    <property name="java.specification.version" value="1.6"/>
    <property name="user.name" value="Peter"/>
    <property name="java.class.path" value="E:\Code\Tools\apache-maven-3.2.1-bin\bin\..\boot\plexus-classworlds-2.5.1.jar"/>
    <property name="org.slf4j.simpleLogger.defaultLogLevel" value="info"/>
    <property name="java.vm.specification.version" value="1.0"/>
    <property name="sun.arch.data.model" value="32"/>
    <property name="java.home" value="C:\Program Files (x86)\Java\jdk1.6.0_39\jre"/>
    <property name="sun.java.command" value="org.codehaus.plexus.classworlds.launcher.Launcher package"/>
    <property name="java.specification.vendor" value="Sun Microsystems Inc."/>
    <property name="user.language" value="en"/>
    <property name="awt.toolkit" value="sun.awt.windows.WToolkit"/>
    <property name="java.vm.info" value="mixed mode, sharing"/>
    <property name="java.version" value="1.6.0_39"/>
    <property name="java.ext.dirs" value="C:\Program Files (x86)\Java\jdk1.6.0_39\jre\lib\ext;C:\WINDOWS\Sun\Java\lib\ext"/>
    <property name="sun.boot.class.path" value="C:\Program Files (x86)\Java\jdk1.6.0_39\jre\lib\resources.jar;C:\Program Files (x86)\Java\jdk1.6.0_39\jre\lib\rt.jar;C:\Program Files (x86)\Java\jdk1.6.0_39\jre\lib\sunrsasign.jar;C:\Program Files (x86)\Java\jdk1.6.0_39\jre\lib\jsse.jar;C:\Program Files (x86)\Java\jdk1.6.0_39\jre\lib\jce.jar;C:\Program Files (x86)\Java\jdk1.6.0_39\jre\lib\charsets.jar;C:\Program Files (x86)\Java\jdk1.6.0_39\jre\lib\modules\jdk.boot.jar;C:\Program Files (x86)\Java\jdk1.6.0_39\jre\classes"/>
    <property name="java.vendor" value="Sun Microsystems Inc."/>
    <property name="maven.home" value="E:\Code\Tools\apache-maven-3.2.1-bin\bin\.."/>
    <property name="file.separator" value="\"/>
    <property name="java.vendor.url.bug" value="http://java.sun.com/cgi-bin/bugreport.cgi"/>
    <property name="sun.cpu.endian" value="little"/>
    <property name="sun.io.unicode.encoding" value="UnicodeLittle"/>
    <property name="sun.desktop" value="windows"/>
    <property name="sun.cpu.isalist" value="pentium_pro+mmx pentium_pro pentium+mmx pentium i486 i386 i86"/>
  </properties>
  <testcase time="0" classname="slacknotifications.teamcity.settings.SlackNotificationSettingsTest" name="test_SingleProxyHostRegex"/>
  <testcase time="0" classname="slacknotifications.teamcity.settings.SlackNotificationSettingsTest" name="test_Regex"/>
  <testcase time="0" classname="slacknotifications.teamcity.settings.SlackNotificationSettingsTest" name="test_ProxyUrlMatching"/>
  <testcase time="2.2" classname="slacknotifications.teamcity.settings.SlackNotificationSettingsTest" name="test_200UsingProxyFromConfig"/>
  <testcase time="2.207" classname="slacknotifications.teamcity.settings.SlackNotificationSettingsTest" name="test_AuthFailWrongCredsUsingProxyFromConfig"/>
  <testcase time="2.206" classname="slacknotifications.teamcity.settings.SlackNotificationSettingsTest" name="test_AuthFailNoCredsUsingProxyFromConfig"/>
  <testcase time="2.206" classname="slacknotifications.teamcity.settings.SlackNotificationSettingsTest" name="test_AuthPassNoCredsUsingProxyFromConfig"/>
  <testcase time="0.002" classname="slacknotifications.teamcity.settings.SlackNotificationSettingsTest" name="test_WebookConfig"/>
  <testcase time="0.001" classname="slacknotifications.teamcity.settings.SlackNotificationSettingsTest" name="test_ReadXml"/>
</testsuite>